<?xml version="1.0" encoding="UTF-8"?>
<testng-results skipped="0" failed="1" total="2" passed="1">
  <reporter-output>
  </reporter-output>
  <suite name="Default suite" duration-ms="114817" started-at="2019-07-24T12:33:51Z" finished-at="2019-07-24T12:35:45Z">
    <groups>
    </groups>
    <test name="Default test" duration-ms="114817" started-at="2019-07-24T12:33:51Z" finished-at="2019-07-24T12:35:45Z">
      <class name="freeCrm.TestCase.Login_Test">
        <test-method status="PASS" signature="beforeSuite()[pri:0, instance:freeCrm.TestCase.Login_Test@224edc67]" name="beforeSuite" is-config="true" duration-ms="1297" started-at="2019-07-24T18:03:49Z" finished-at="2019-07-24T18:03:51Z">
          <reporter-output>
          </reporter-output>
        </test-method> <!-- beforeSuite -->
        <test-method status="PASS" signature="setUp()[pri:0, instance:freeCrm.TestCase.Login_Test@224edc67]" name="setUp" is-config="true" duration-ms="54681" started-at="2019-07-24T18:03:51Z" finished-at="2019-07-24T18:04:45Z">
          <reporter-output>
          </reporter-output>
        </test-method> <!-- setUp -->
        <test-method status="FAIL" signature="validateLoginPageTitleTest()[pri:1, instance:freeCrm.TestCase.Login_Test@224edc67]" name="validateLoginPageTitleTest" duration-ms="411" started-at="2019-07-24T18:04:45Z" finished-at="2019-07-24T18:04:46Z">
          <exception class="java.lang.AssertionError">
            <message>
              <![CDATA[expected [CRMPRO1 - CRM software for customer relationship management, sales, and support.] but found [CRMPRO - CRM software for customer relationship management, sales, and support.]]]>
            </message>
            <full-stacktrace>
              <![CDATA[java.lang.AssertionError: expected [CRMPRO1 - CRM software for customer relationship management, sales, and support.] but found [CRMPRO - CRM software for customer relationship management, sales, and support.]
	at org.testng.Assert.fail(Assert.java:94)
	at org.testng.Assert.failNotEquals(Assert.java:513)
	at org.testng.Assert.assertEqualsImpl(Assert.java:135)
	at org.testng.Assert.assertEquals(Assert.java:116)
	at org.testng.Assert.assertEquals(Assert.java:190)
	at org.testng.Assert.assertEquals(Assert.java:200)
	at freeCrm.TestCase.Login_Test.validateLoginPageTitleTest(Login_Test.java:41)
	at sun.reflect.NativeMethodAccessorImpl.invoke0(Native Method)
	at sun.reflect.NativeMethodAccessorImpl.invoke(Unknown Source)
	at sun.reflect.DelegatingMethodAccessorImpl.invoke(Unknown Source)
	at java.lang.reflect.Method.invoke(Unknown Source)
	at org.testng.internal.MethodInvocationHelper.invokeMethod(MethodInvocationHelper.java:86)
	at org.testng.internal.Invoker.invokeMethod(Invoker.java:646)
	at org.testng.internal.Invoker.invokeTestMethod(Invoker.java:823)
	at org.testng.internal.Invoker.invokeTestMethods(Invoker.java:1131)
	at org.testng.internal.TestMethodWorker.invokeTestMethods(TestMethodWorker.java:129)
	at org.testng.internal.TestMethodWorker.run(TestMethodWorker.java:112)
	at org.testng.TestRunner.privateRun(TestRunner.java:778)
	at org.testng.TestRunner.run(TestRunner.java:632)
	at org.testng.SuiteRunner.runTest(SuiteRunner.java:366)
	at org.testng.SuiteRunner.runSequentially(SuiteRunner.java:361)
	at org.testng.SuiteRunner.privateRun(SuiteRunner.java:319)
	at org.testng.SuiteRunner.run(SuiteRunner.java:268)
	at org.testng.SuiteRunnerWorker.runSuite(SuiteRunnerWorker.java:52)
	at org.testng.SuiteRunnerWorker.run(SuiteRunnerWorker.java:86)
	at org.testng.TestNG.runSuitesSequentially(TestNG.java:1225)
	at org.testng.TestNG.runSuitesLocally(TestNG.java:1150)
	at org.testng.TestNG.runSuites(TestNG.java:1075)
	at org.testng.TestNG.run(TestNG.java:1047)
	at org.testng.remote.AbstractRemoteTestNG.run(AbstractRemoteTestNG.java:126)
	at org.testng.remote.RemoteTestNG.initAndRun(RemoteTestNG.java:137)
	at org.testng.remote.RemoteTestNG.main(RemoteTestNG.java:58)
]]>
            </full-stacktrace>
          </exception> <!-- java.lang.AssertionError -->
          <reporter-output>
          </reporter-output>
        </test-method> <!-- validateLoginPageTitleTest -->
        <test-method status="PASS" signature="tearDown(org.testng.ITestResult)[pri:0, instance:freeCrm.TestCase.Login_Test@224edc67]" name="tearDown" is-config="true" duration-ms="11816" started-at="2019-07-24T18:04:46Z" finished-at="2019-07-24T18:04:58Z">
          <params>
            <param index="0">
              <value>
                <![CDATA[[TestResult name=validateLoginPageTitleTest status=FAILURE method=Login_Test.validateLoginPageTitleTest()[pri:1, instance:freeCrm.TestCase.Login_Test@224edc67] output={null}]]]>
              </value>
            </param>
          </params>
          <reporter-output>
          </reporter-output>
        </test-method> <!-- tearDown -->
        <test-method status="PASS" signature="setUp()[pri:0, instance:freeCrm.TestCase.Login_Test@224edc67]" name="setUp" is-config="true" duration-ms="22044" started-at="2019-07-24T18:04:58Z" finished-at="2019-07-24T18:05:20Z">
          <reporter-output>
          </reporter-output>
        </test-method> <!-- setUp -->
        <test-method status="PASS" signature="login_Test()[pri:3, instance:freeCrm.TestCase.Login_Test@224edc67]" name="login_Test" duration-ms="21440" started-at="2019-07-24T18:05:20Z" finished-at="2019-07-24T18:05:41Z">
          <reporter-output>
          </reporter-output>
        </test-method> <!-- login_Test -->
        <test-method status="PASS" signature="tearDown(org.testng.ITestResult)[pri:0, instance:freeCrm.TestCase.Login_Test@224edc67]" name="tearDown" is-config="true" duration-ms="4314" started-at="2019-07-24T18:05:41Z" finished-at="2019-07-24T18:05:45Z">
          <params>
            <param index="0">
              <value>
                <![CDATA[[TestResult name=login_Test status=SUCCESS method=Login_Test.login_Test()[pri:3, instance:freeCrm.TestCase.Login_Test@224edc67] output={null}]]]>
              </value>
            </param>
          </params>
          <reporter-output>
          </reporter-output>
        </test-method> <!-- tearDown -->
      </class> <!-- freeCrm.TestCase.Login_Test -->
    </test> <!-- Default test -->
  </suite> <!-- Default suite -->
</testng-results>
